<?xml version="1.0" encoding="UTF-8"?>
<!-- Generated by org.testng.reporters.JUnitReportReporter -->
<testsuite hostname="DESKTOP-VV5LN5B" failures="0" tests="1" name="rahulshettyacademy.tests.SubmitOrdertest" time="17.813" errors="0" timestamp="2024-07-29T02:39:32 IST" skipped="0">
  <testcase classname="rahulshettyacademy.tests.SubmitOrdertest" name="submitOrder" time="17.813"/>
</testsuite> <!-- rahulshettyacademy.tests.SubmitOrdertest -->
