<?xml version="1.0" encoding="UTF-8"?>
<!-- Generated by org.testng.reporters.JUnitReportReporter -->
<testsuite hostname="DESKTOP-VV5LN5B" failures="0" tests="1" name="rahulshettyacademy.tests.ErrorValidations" time="4.372" errors="0" timestamp="2024-07-30T00:29:40 IST" skipped="0">
  <testcase classname="rahulshettyacademy.tests.ErrorValidations" name="errorValidations" time="4.372"/>
</testsuite> <!-- rahulshettyacademy.tests.ErrorValidations -->
